<?xml version="1.0" encoding="UTF-8"?>
<coverage generated="1606829323515" clover="3.2.0">
  <project timestamp="1606829323515" name="All files">
    <metrics statements="17" coveredstatements="17" conditionals="12" coveredconditionals="12" methods="5" coveredmethods="5" elements="34" coveredelements="34" complexity="0" loc="17" ncloc="17" packages="1" files="1" classes="1"/>
    <file name="bill.js" path="C:\Users\balth\Desktop\Baltha\enseirb3A\carpaccio-it340-8\src\bill.js">
      <metrics statements="17" coveredstatements="17" conditionals="12" coveredconditionals="12" methods="5" coveredmethods="5"/>
      <line num="4" count="4" type="stmt"/>
      <line num="5" count="4" type="stmt"/>
      <line num="7" count="2" type="stmt"/>
      <line num="9" count="4" type="stmt"/>
      <line num="13" count="23" type="stmt"/>
      <line num="17" count="11" type="stmt"/>
      <line num="21" count="11" type="cond" truecount="4" falsecount="0"/>
      <line num="22" count="2" type="stmt"/>
      <line num="24" count="9" type="cond" truecount="2" falsecount="0"/>
      <line num="25" count="3" type="stmt"/>
      <line num="28" count="6" type="stmt"/>
      <line num="29" count="10" type="cond" truecount="4" falsecount="0"/>
      <line num="30" count="8" type="stmt"/>
      <line num="32" count="2" type="stmt"/>
      <line num="36" count="4" type="stmt"/>
      <line num="40" count="4" type="stmt"/>
      <line num="46" count="1" type="stmt"/>
    </file>
  </project>
</coverage>
