TN:
SF:src\bill.js
FN:2,(anonymous_0)
FN:12,(anonymous_1)
FN:16,(anonymous_2)
FN:28,(anonymous_3)
FN:39,(anonymous_4)
FNF:5
FNH:5
FNDA:4,(anonymous_0)
FNDA:23,(anonymous_1)
FNDA:11,(anonymous_2)
FNDA:10,(anonymous_3)
FNDA:4,(anonymous_4)
DA:4,4
DA:5,4
DA:7,2
DA:9,4
DA:13,23
DA:17,11
DA:21,11
DA:22,2
DA:24,9
DA:25,3
DA:28,6
DA:29,10
DA:30,8
DA:32,2
DA:36,4
DA:40,4
DA:46,1
LF:17
LH:17
BRDA:21,0,0,2
BRDA:21,0,1,9
BRDA:21,1,0,11
BRDA:21,1,1,10
BRDA:24,2,0,3
BRDA:24,2,1,6
BRDA:29,3,0,8
BRDA:29,3,1,2
BRDA:29,4,0,10
BRDA:29,4,1,9
BRDA:41,5,0,3
BRDA:41,5,1,1
BRF:12
BRH:12
end_of_record
